\BOOKMARK [0][-]{chapter*.1}{\376\377\000V\000o\000o\000r\000w\000o\000o\000r\000d}{}% 1
\BOOKMARK [0][-]{chapter*.2}{\376\377\000N\000o\000t\000a\000t\000i\000e}{}% 2
\BOOKMARK [0][-]{chapter*.3}{\376\377\000I\000n\000h\000o\000u\000d\000s\000o\000p\000g\000a\000v\000e}{}% 3
\BOOKMARK [0][-]{chapter.1}{\376\377\000I\000n\000l\000e\000i\000d\000i\000n\000g}{}% 4
\BOOKMARK [0][-]{chapter.2}{\376\377\000T\000h\000e\000o\000r\000e\000t\000i\000s\000c\000h\000\040\000K\000a\000d\000e\000r}{}% 5
\BOOKMARK [1][-]{section.2.1}{\376\377\000D\000e\000f\000i\000n\000i\000t\000i\000e}{chapter.2}% 6
\BOOKMARK [2][-]{subsection.2.1.1}{\376\377\000M\000a\000r\000k\000o\000v\000-\000e\000i\000g\000e\000n\000s\000c\000h\000a\000p}{section.2.1}% 7
\BOOKMARK [2][-]{subsection.2.1.2}{\376\377\000O\000v\000e\000r\000g\000a\000n\000g\000s\000w\000a\000a\000r\000s\000c\000h\000i\000j\000n\000l\000i\000j\000k\000h\000e\000i\000d\000s\000m\000a\000t\000r\000i\000x}{section.2.1}% 8
\BOOKMARK [2][-]{subsection.2.1.3}{\376\377\000B\000e\000l\000e\000i\000d}{section.2.1}% 9
\BOOKMARK [2][-]{subsection.2.1.4}{\376\377\000V\000e\000r\000w\000a\000c\000h\000t\000i\000n\000g\000s\000w\000a\000a\000r\000d\000e}{section.2.1}% 10
\BOOKMARK [2][-]{subsection.2.1.5}{\376\377\000K\000o\000r\000t\000i\000n\000g\000s\000f\000a\000c\000t\000o\000r}{section.2.1}% 11
\BOOKMARK [2][-]{subsection.2.1.6}{\376\377\000W\000a\000a\000r\000d\000e\000f\000u\000n\000c\000t\000i\000e}{section.2.1}% 12
\BOOKMARK [2][-]{subsection.2.1.7}{\376\377\000Q\000-\000f\000u\000n\000c\000t\000i\000e}{section.2.1}% 13
\BOOKMARK [2][-]{subsection.2.1.8}{\376\377\000B\000e\000l\000l\000m\000a\000n\000\040\000v\000e\000r\000g\000e\000l\000i\000j\000k\000i\000n\000g}{section.2.1}% 14
\BOOKMARK [2][-]{subsection.2.1.9}{\376\377\000E\000v\000a\000l\000u\000a\000t\000i\000e\000\040\000e\000n\000\040\000C\000o\000n\000t\000r\000o\000l\000e}{section.2.1}% 15
\BOOKMARK [1][-]{section.2.2}{\376\377\000B\000e\000l\000a\000n\000g\000r\000i\000j\000k\000e\000\040\000A\000l\000g\000o\000r\000i\000t\000m\000e\000s}{chapter.2}% 16
\BOOKMARK [1][-]{section.2.3}{\376\377\000A\000r\000t\000i\000f\000i\000c\000i\000\353\000l\000e\000\040\000L\000e\000e\000r\000m\000e\000t\000h\000o\000d\000e\000s}{chapter.2}% 17
\BOOKMARK [1][-]{section.2.4}{\376\377\000C\000o\000m\000p\000u\000t\000e\000r\000s\000p\000e\000l\000l\000e\000n}{chapter.2}% 18
\BOOKMARK [0][-]{chapter.3}{\376\377\000O\000n\000d\000e\000r\000z\000o\000e\000k\000s\000m\000e\000t\000h\000o\000d\000e\000n}{}% 19
\BOOKMARK [0][-]{chapter.4}{\376\377\000A\000n\000a\000l\000y\000s\000e\000\040\000e\000n\000\040\000R\000e\000s\000u\000l\000t\000a\000t\000e\000n}{}% 20
\BOOKMARK [0][-]{chapter.5}{\376\377\000C\000o\000n\000c\000l\000u\000s\000i\000e}{}% 21
\BOOKMARK [0][-]{chapter.6}{\376\377\000D\000i\000s\000c\000u\000s\000s\000i\000e}{}% 22
\BOOKMARK [0][-]{chapter*.4}{\376\377\000A\000p\000p\000e\000n\000d\000i\000x}{}% 23
\BOOKMARK [0][-]{chapter*.5}{\376\377\000B\000i\000b\000l\000i\000o\000g\000r\000a\000f\000i\000e}{}% 24
